2021-10-23 15:11:17 INFO  ProjectStartupHandler.runActivity(74) - ---------- Project opened ----------
2021-10-23 15:11:17 INFO  ProjectStartupHandler.runActivity(75) - ---------- Version 3.53 ----------

2021-10-23 15:11:17 INFO  ProjectStartupHandler.setAutoscrolls(346) - Autoscrolls successfully set
2021-10-23 15:11:17 INFO  ApacheHttpClient.isSessionAppropriateWithSecretKey(589) - The session is not set in the property file.
2021-10-23 15:11:17 INFO  ApacheHttpClient.login(250) - Waiting for server response.
2021-10-23 15:11:17 INFO  ApacheHttpClient.login(254) - responseCode = 200
2021-10-23 15:11:17 INFO  ApacheHttpClient.login(277) - JSESSIONID OK
2021-10-23 15:11:18 INFO  ApacheHttpClient.refreshUserInfo(305) - responseCode = 200
2021-10-23 15:11:18 INFO  ApacheHttpClient.refreshUserInfo(311) - User information received.
2021-10-23 15:11:18 INFO  ApacheHttpClient.startGA(36) - GAService started.
2021-10-23 15:11:18 INFO  AbstractRestApiClient.startService(71) - EventsService started.
2021-10-23 15:11:30 INFO  ApacheHttpClient.getWebResourceAsStream(502) - responseCode = 200
2021-10-23 15:11:30 WARN  PluginUtil.getCurrentTask(78) - Error while retrieving the task key.
java.lang.StringIndexOutOfBoundsException: String index out of range: -1
	at java.base/java.lang.String.substring(String.java:1837)
	at com.homework.plugin.PluginUtil.getCurrentVirtualFile(PluginUtil.java:158)
	at com.homework.plugin.PluginUtil.getCurrentTask(PluginUtil.java:69)
	at com.homework.plugin.button.StyleCheckButton.actionPerformed(StyleCheckButton.java:56)
	at com.intellij.openapi.actionSystem.impl.ActionButton.actionPerformed(ActionButton.java:171)
	at com.intellij.openapi.actionSystem.impl.ActionButton.lambda$performAction$0(ActionButton.java:150)
	at com.intellij.openapi.actionSystem.ex.ActionUtil.performDumbAwareWithCallbacks(ActionUtil.java:261)
	at com.intellij.openapi.actionSystem.impl.ActionButton.performAction(ActionButton.java:150)
	at com.intellij.openapi.actionSystem.impl.ActionButton.processMouseEvent(ActionButton.java:427)
	at java.desktop/java.awt.Component.processEvent(Component.java:6417)
	at java.desktop/java.awt.Container.processEvent(Container.java:2263)
	at java.desktop/java.awt.Component.dispatchEventImpl(Component.java:5027)
	at java.desktop/java.awt.Container.dispatchEventImpl(Container.java:2321)
	at java.desktop/java.awt.Component.dispatchEvent(Component.java:4859)
	at java.desktop/java.awt.LightweightDispatcher.retargetMouseEvent(Container.java:4918)
	at java.desktop/java.awt.LightweightDispatcher.processMouseEvent(Container.java:4547)
	at java.desktop/java.awt.LightweightDispatcher.dispatchEvent(Container.java:4488)
	at java.desktop/java.awt.Container.dispatchEventImpl(Container.java:2307)
	at java.desktop/java.awt.Window.dispatchEventImpl(Window.java:2784)
	at java.desktop/java.awt.Component.dispatchEvent(Component.java:4859)
	at java.desktop/java.awt.EventQueue.dispatchEventImpl(EventQueue.java:778)
	at java.desktop/java.awt.EventQueue$4.run(EventQueue.java:727)
	at java.desktop/java.awt.EventQueue$4.run(EventQueue.java:721)
	at java.base/java.security.AccessController.doPrivileged(Native Method)
	at java.base/java.security.ProtectionDomain$JavaSecurityAccessImpl.doIntersectionPrivilege(ProtectionDomain.java:85)
	at java.base/java.security.ProtectionDomain$JavaSecurityAccessImpl.doIntersectionPrivilege(ProtectionDomain.java:95)
	at java.desktop/java.awt.EventQueue$5.run(EventQueue.java:751)
	at java.desktop/java.awt.EventQueue$5.run(EventQueue.java:749)
	at java.base/java.security.AccessController.doPrivileged(Native Method)
	at java.base/java.security.ProtectionDomain$JavaSecurityAccessImpl.doIntersectionPrivilege(ProtectionDomain.java:85)
	at java.desktop/java.awt.EventQueue.dispatchEvent(EventQueue.java:748)
	at com.intellij.ide.IdeEventQueue.defaultDispatchEvent(IdeEventQueue.java:885)
	at com.intellij.ide.IdeEventQueue.dispatchMouseEvent(IdeEventQueue.java:814)
	at com.intellij.ide.IdeEventQueue._dispatchEvent(IdeEventQueue.java:751)
	at com.intellij.ide.IdeEventQueue.lambda$dispatchEvent$6(IdeEventQueue.java:441)
	at com.intellij.openapi.progress.impl.CoreProgressManager.computePrioritized(CoreProgressManager.java:825)
	at com.intellij.ide.IdeEventQueue.lambda$dispatchEvent$7(IdeEventQueue.java:440)
	at com.intellij.openapi.application.impl.ApplicationImpl.runIntendedWriteActionOnCurrentThread(ApplicationImpl.java:794)
	at com.intellij.ide.IdeEventQueue.dispatchEvent(IdeEventQueue.java:492)
	at java.desktop/java.awt.EventDispatchThread.pumpOneEventForFilters(EventDispatchThread.java:203)
	at java.desktop/java.awt.EventDispatchThread.pumpEventsForFilter(EventDispatchThread.java:124)
	at java.desktop/java.awt.EventDispatchThread.pumpEventsForHierarchy(EventDispatchThread.java:113)
	at java.desktop/java.awt.EventDispatchThread.pumpEvents(EventDispatchThread.java:109)
	at java.desktop/java.awt.EventDispatchThread.pumpEvents(EventDispatchThread.java:101)
	at java.desktop/java.awt.EventDispatchThread.run(EventDispatchThread.java:90)
2021-10-23 15:11:30 WARN  PluginUtil.getCurrentDirectory(109) - Error while getting the current directory.
java.lang.StringIndexOutOfBoundsException: String index out of range: -1
	at java.base/java.lang.String.substring(String.java:1837)
	at com.homework.plugin.PluginUtil.getCurrentVirtualFile(PluginUtil.java:158)
	at com.homework.plugin.PluginUtil.getCurrentDirectory(PluginUtil.java:107)
	at com.homework.plugin.button.StyleCheckButton.actionPerformed(StyleCheckButton.java:61)
	at com.intellij.openapi.actionSystem.impl.ActionButton.actionPerformed(ActionButton.java:171)
	at com.intellij.openapi.actionSystem.impl.ActionButton.lambda$performAction$0(ActionButton.java:150)
	at com.intellij.openapi.actionSystem.ex.ActionUtil.performDumbAwareWithCallbacks(ActionUtil.java:261)
	at com.intellij.openapi.actionSystem.impl.ActionButton.performAction(ActionButton.java:150)
	at com.intellij.openapi.actionSystem.impl.ActionButton.processMouseEvent(ActionButton.java:427)
	at java.desktop/java.awt.Component.processEvent(Component.java:6417)
	at java.desktop/java.awt.Container.processEvent(Container.java:2263)
	at java.desktop/java.awt.Component.dispatchEventImpl(Component.java:5027)
	at java.desktop/java.awt.Container.dispatchEventImpl(Container.java:2321)
	at java.desktop/java.awt.Component.dispatchEvent(Component.java:4859)
	at java.desktop/java.awt.LightweightDispatcher.retargetMouseEvent(Container.java:4918)
	at java.desktop/java.awt.LightweightDispatcher.processMouseEvent(Container.java:4547)
	at java.desktop/java.awt.LightweightDispatcher.dispatchEvent(Container.java:4488)
	at java.desktop/java.awt.Container.dispatchEventImpl(Container.java:2307)
	at java.desktop/java.awt.Window.dispatchEventImpl(Window.java:2784)
	at java.desktop/java.awt.Component.dispatchEvent(Component.java:4859)
	at java.desktop/java.awt.EventQueue.dispatchEventImpl(EventQueue.java:778)
	at java.desktop/java.awt.EventQueue$4.run(EventQueue.java:727)
	at java.desktop/java.awt.EventQueue$4.run(EventQueue.java:721)
	at java.base/java.security.AccessController.doPrivileged(Native Method)
	at java.base/java.security.ProtectionDomain$JavaSecurityAccessImpl.doIntersectionPrivilege(ProtectionDomain.java:85)
	at java.base/java.security.ProtectionDomain$JavaSecurityAccessImpl.doIntersectionPrivilege(ProtectionDomain.java:95)
	at java.desktop/java.awt.EventQueue$5.run(EventQueue.java:751)
	at java.desktop/java.awt.EventQueue$5.run(EventQueue.java:749)
	at java.base/java.security.AccessController.doPrivileged(Native Method)
	at java.base/java.security.ProtectionDomain$JavaSecurityAccessImpl.doIntersectionPrivilege(ProtectionDomain.java:85)
	at java.desktop/java.awt.EventQueue.dispatchEvent(EventQueue.java:748)
	at com.intellij.ide.IdeEventQueue.defaultDispatchEvent(IdeEventQueue.java:885)
	at com.intellij.ide.IdeEventQueue.dispatchMouseEvent(IdeEventQueue.java:814)
	at com.intellij.ide.IdeEventQueue._dispatchEvent(IdeEventQueue.java:751)
	at com.intellij.ide.IdeEventQueue.lambda$dispatchEvent$6(IdeEventQueue.java:441)
	at com.intellij.openapi.progress.impl.CoreProgressManager.computePrioritized(CoreProgressManager.java:825)
	at com.intellij.ide.IdeEventQueue.lambda$dispatchEvent$7(IdeEventQueue.java:440)
	at com.intellij.openapi.application.impl.ApplicationImpl.runIntendedWriteActionOnCurrentThread(ApplicationImpl.java:794)
	at com.intellij.ide.IdeEventQueue.dispatchEvent(IdeEventQueue.java:492)
	at java.desktop/java.awt.EventDispatchThread.pumpOneEventForFilters(EventDispatchThread.java:203)
	at java.desktop/java.awt.EventDispatchThread.pumpEventsForFilter(EventDispatchThread.java:124)
	at java.desktop/java.awt.EventDispatchThread.pumpEventsForHierarchy(EventDispatchThread.java:113)
	at java.desktop/java.awt.EventDispatchThread.pumpEvents(EventDispatchThread.java:109)
	at java.desktop/java.awt.EventDispatchThread.pumpEvents(EventDispatchThread.java:101)
	at java.desktop/java.awt.EventDispatchThread.run(EventDispatchThread.java:90)
2021-10-23 15:11:30 ERROR StyleCheckButton.actionPerformed(107) - Error while checking code style.
java.lang.NullPointerException
	at java.base/java.io.File.<init>(File.java:278)
	at com.homework.plugin.button.StyleCheckButton.actionPerformed(StyleCheckButton.java:64)
	at com.intellij.openapi.actionSystem.impl.ActionButton.actionPerformed(ActionButton.java:171)
	at com.intellij.openapi.actionSystem.impl.ActionButton.lambda$performAction$0(ActionButton.java:150)
	at com.intellij.openapi.actionSystem.ex.ActionUtil.performDumbAwareWithCallbacks(ActionUtil.java:261)
	at com.intellij.openapi.actionSystem.impl.ActionButton.performAction(ActionButton.java:150)
	at com.intellij.openapi.actionSystem.impl.ActionButton.processMouseEvent(ActionButton.java:427)
	at java.desktop/java.awt.Component.processEvent(Component.java:6417)
	at java.desktop/java.awt.Container.processEvent(Container.java:2263)
	at java.desktop/java.awt.Component.dispatchEventImpl(Component.java:5027)
	at java.desktop/java.awt.Container.dispatchEventImpl(Container.java:2321)
	at java.desktop/java.awt.Component.dispatchEvent(Component.java:4859)
	at java.desktop/java.awt.LightweightDispatcher.retargetMouseEvent(Container.java:4918)
	at java.desktop/java.awt.LightweightDispatcher.processMouseEvent(Container.java:4547)
	at java.desktop/java.awt.LightweightDispatcher.dispatchEvent(Container.java:4488)
	at java.desktop/java.awt.Container.dispatchEventImpl(Container.java:2307)
	at java.desktop/java.awt.Window.dispatchEventImpl(Window.java:2784)
	at java.desktop/java.awt.Component.dispatchEvent(Component.java:4859)
	at java.desktop/java.awt.EventQueue.dispatchEventImpl(EventQueue.java:778)
	at java.desktop/java.awt.EventQueue$4.run(EventQueue.java:727)
	at java.desktop/java.awt.EventQueue$4.run(EventQueue.java:721)
	at java.base/java.security.AccessController.doPrivileged(Native Method)
	at java.base/java.security.ProtectionDomain$JavaSecurityAccessImpl.doIntersectionPrivilege(ProtectionDomain.java:85)
	at java.base/java.security.ProtectionDomain$JavaSecurityAccessImpl.doIntersectionPrivilege(ProtectionDomain.java:95)
	at java.desktop/java.awt.EventQueue$5.run(EventQueue.java:751)
	at java.desktop/java.awt.EventQueue$5.run(EventQueue.java:749)
	at java.base/java.security.AccessController.doPrivileged(Native Method)
	at java.base/java.security.ProtectionDomain$JavaSecurityAccessImpl.doIntersectionPrivilege(ProtectionDomain.java:85)
	at java.desktop/java.awt.EventQueue.dispatchEvent(EventQueue.java:748)
	at com.intellij.ide.IdeEventQueue.defaultDispatchEvent(IdeEventQueue.java:885)
	at com.intellij.ide.IdeEventQueue.dispatchMouseEvent(IdeEventQueue.java:814)
	at com.intellij.ide.IdeEventQueue._dispatchEvent(IdeEventQueue.java:751)
	at com.intellij.ide.IdeEventQueue.lambda$dispatchEvent$6(IdeEventQueue.java:441)
	at com.intellij.openapi.progress.impl.CoreProgressManager.computePrioritized(CoreProgressManager.java:825)
	at com.intellij.ide.IdeEventQueue.lambda$dispatchEvent$7(IdeEventQueue.java:440)
	at com.intellij.openapi.application.impl.ApplicationImpl.runIntendedWriteActionOnCurrentThread(ApplicationImpl.java:794)
	at com.intellij.ide.IdeEventQueue.dispatchEvent(IdeEventQueue.java:492)
	at java.desktop/java.awt.EventDispatchThread.pumpOneEventForFilters(EventDispatchThread.java:203)
	at java.desktop/java.awt.EventDispatchThread.pumpEventsForFilter(EventDispatchThread.java:124)
	at java.desktop/java.awt.EventDispatchThread.pumpEventsForHierarchy(EventDispatchThread.java:113)
	at java.desktop/java.awt.EventDispatchThread.pumpEvents(EventDispatchThread.java:109)
	at java.desktop/java.awt.EventDispatchThread.pumpEvents(EventDispatchThread.java:101)
	at java.desktop/java.awt.EventDispatchThread.run(EventDispatchThread.java:90)
2021-10-23 15:12:45 INFO  ApacheHttpClient.getWebResourceAsStream(502) - responseCode = 200
2021-10-23 15:12:48 INFO  ApacheHttpClient.getFilteredTasks(336) - responseCode = 200
2021-10-23 15:13:44 INFO  ProjectStartupHandler.projectClosing(155) - ---------- Project closed ----------

2021-10-23 15:13:44 INFO  PluginProjectService.dispose(41) - PluginProjectService for disposed.
2021-10-23 15:14:28 INFO  ProjectStartupHandler.runActivity(74) - ---------- Project opened ----------
2021-10-23 15:14:28 INFO  ProjectStartupHandler.runActivity(75) - ---------- Version 3.53 ----------

2021-10-23 15:14:28 INFO  ProjectStartupHandler.setAutoscrolls(346) - Autoscrolls successfully set
2021-10-23 15:14:28 INFO  ApacheHttpClient.isSessionAppropriateWithSecretKey(602) - Waiting for server response.
2021-10-23 15:14:29 INFO  ApacheHttpClient.refreshUserInfo(305) - responseCode = 200
2021-10-23 15:14:29 INFO  ApacheHttpClient.refreshUserInfo(311) - User information received.
2021-10-23 15:14:29 INFO  ApacheHttpClient.startGA(36) - GAService started.
2021-10-23 15:14:29 INFO  AbstractRestApiClient.startService(71) - EventsService started.
2021-10-23 15:31:29 INFO  ApacheHttpClient.getWebResourceAsStream(502) - responseCode = 200
2021-10-23 15:31:31 INFO  ApacheHttpClient.getFilteredTasks(336) - responseCode = 200
2021-10-23 15:31:38 INFO  ApacheHttpClient.getFilteredTasks(336) - responseCode = 200
2021-10-23 15:31:42 INFO  ApacheHttpClient.getFilteredTasks(336) - responseCode = 200
2021-10-23 15:31:45 INFO  ApacheHttpClient.getFilteredTasks(336) - responseCode = 200
2021-10-23 15:31:49 INFO  ApacheHttpClient.getFilteredTasks(336) - responseCode = 200
2021-10-23 15:59:56 INFO  ApacheHttpClient.getWebResourceAsStream(502) - responseCode = 200
2021-10-23 15:59:57 INFO  ApacheHttpClient.getFilteredTasks(336) - responseCode = 200
2021-10-23 16:00:01 INFO  ApacheHttpClient.getFilteredTasks(336) - responseCode = 200
2021-10-23 16:00:06 INFO  ApacheHttpClient.getTaskTemplateInfo(353) - responseCode = 200
2021-10-23 16:00:06 INFO  TaskInfoSelectorMouseListener.createDirectoryRecursive(77) - File created :G:/IDEA/JavaRushTasks/1.JavaSyntax/src/com
2021-10-23 16:00:06 INFO  TaskInfoSelectorMouseListener.createDirectoryRecursive(77) - File created :G:/IDEA/JavaRushTasks/1.JavaSyntax/src/com/javarush
2021-10-23 16:00:06 INFO  TaskInfoSelectorMouseListener.createDirectoryRecursive(77) - File created :G:/IDEA/JavaRushTasks/1.JavaSyntax/src/com/javarush/task
2021-10-23 16:00:06 INFO  TaskInfoSelectorMouseListener.createDirectoryRecursive(77) - File created :G:/IDEA/JavaRushTasks/1.JavaSyntax/src/com/javarush/task/pro
2021-10-23 16:00:06 INFO  TaskInfoSelectorMouseListener.createDirectoryRecursive(77) - File created :G:/IDEA/JavaRushTasks/1.JavaSyntax/src/com/javarush/task/pro/task05
2021-10-23 16:00:06 INFO  TaskInfoSelectorMouseListener.createDirectoryRecursive(77) - File created :G:/IDEA/JavaRushTasks/1.JavaSyntax/src/com/javarush/task/pro/task05/task0520
2021-10-23 16:00:29 INFO  ApacheHttpClient.sendEvent(535) - responseCode = 200
2021-10-23 16:01:29 INFO  ApacheHttpClient.sendEvent(535) - responseCode = 200
2021-10-23 16:02:29 INFO  ApacheHttpClient.sendEvent(535) - responseCode = 200
2021-10-23 16:03:29 INFO  ApacheHttpClient.sendEvent(535) - responseCode = 200
2021-10-23 16:04:29 INFO  ApacheHttpClient.sendEvent(535) - responseCode = 200
2021-10-23 16:05:29 INFO  ApacheHttpClient.sendEvent(535) - responseCode = 200
2021-10-23 16:06:29 INFO  ApacheHttpClient.sendEvent(535) - responseCode = 200
2021-10-23 16:07:29 INFO  ApacheHttpClient.sendEvent(535) - responseCode = 200
2021-10-23 16:08:29 INFO  ApacheHttpClient.sendEvent(535) - responseCode = 200
2021-10-23 16:09:29 INFO  ApacheHttpClient.sendEvent(535) - responseCode = 200
2021-10-23 16:10:29 INFO  ApacheHttpClient.sendEvent(535) - responseCode = 200
2021-10-23 16:11:08 INFO  ApacheHttpClient.getWebResourceAsStream(502) - responseCode = 200
2021-10-23 16:11:09 INFO  ApacheHttpClient.getTask(488) - responseCode = 200
2021-10-23 16:11:09 INFO  ApacheHttpClient.completed(32) - responseCode = 200
2021-10-23 16:11:29 INFO  ApacheHttpClient.sendEvent(535) - responseCode = 200
2021-10-23 16:12:29 INFO  ApacheHttpClient.sendEvent(535) - responseCode = 200
2021-10-23 16:13:29 INFO  ApacheHttpClient.sendEvent(535) - responseCode = 200
2021-10-23 16:14:29 INFO  ApacheHttpClient.sendEvent(535) - responseCode = 200
2021-10-23 16:15:29 INFO  ApacheHttpClient.sendEvent(535) - responseCode = 200
2021-10-23 16:16:29 INFO  ApacheHttpClient.sendEvent(535) - responseCode = 200
2021-10-23 16:17:29 INFO  ApacheHttpClient.sendEvent(535) - responseCode = 200
2021-10-23 16:18:29 INFO  ApacheHttpClient.sendEvent(535) - responseCode = 200
2021-10-23 16:19:29 INFO  ApacheHttpClient.sendEvent(535) - responseCode = 200
2021-10-23 16:20:29 INFO  ApacheHttpClient.sendEvent(535) - responseCode = 200
2021-10-23 16:21:29 INFO  ApacheHttpClient.sendEvent(535) - responseCode = 200
2021-10-23 16:22:29 INFO  ApacheHttpClient.sendEvent(535) - responseCode = 200
2021-10-23 16:23:29 INFO  ApacheHttpClient.sendEvent(535) - responseCode = 200
2021-10-23 16:24:29 INFO  ApacheHttpClient.sendEvent(535) - responseCode = 200
2021-10-23 16:25:29 INFO  ApacheHttpClient.sendEvent(535) - responseCode = 200
2021-10-23 16:26:29 INFO  ApacheHttpClient.sendEvent(535) - responseCode = 200
2021-10-23 16:27:29 INFO  ApacheHttpClient.sendEvent(535) - responseCode = 200
2021-10-23 16:28:29 INFO  ApacheHttpClient.sendEvent(535) - responseCode = 200
2021-10-23 16:29:29 INFO  ApacheHttpClient.sendEvent(535) - responseCode = 200
2021-10-23 16:30:29 INFO  ApacheHttpClient.sendEvent(535) - responseCode = 200
2021-10-23 16:31:29 INFO  ApacheHttpClient.sendEvent(535) - responseCode = 200
2021-10-23 16:32:29 INFO  ApacheHttpClient.sendEvent(535) - responseCode = 200
2021-10-23 16:33:29 INFO  ApacheHttpClient.sendEvent(535) - responseCode = 200
2021-10-23 16:34:29 INFO  ApacheHttpClient.sendEvent(535) - responseCode = 200
2021-10-23 16:35:29 INFO  ApacheHttpClient.sendEvent(535) - responseCode = 200
2021-10-23 16:36:29 INFO  ApacheHttpClient.sendEvent(535) - responseCode = 200
2021-10-23 16:37:29 INFO  ApacheHttpClient.sendEvent(535) - responseCode = 200
2021-10-23 16:38:29 INFO  ApacheHttpClient.sendEvent(535) - responseCode = 200
2021-10-23 16:39:29 INFO  ApacheHttpClient.sendEvent(535) - responseCode = 200
2021-10-23 16:40:29 INFO  ApacheHttpClient.sendEvent(535) - responseCode = 200
2021-10-23 16:41:29 INFO  ApacheHttpClient.sendEvent(535) - responseCode = 200
2021-10-23 16:42:29 INFO  ApacheHttpClient.sendEvent(535) - responseCode = 200
2021-10-23 16:43:29 INFO  ApacheHttpClient.sendEvent(535) - responseCode = 200
2021-10-23 16:44:29 INFO  ApacheHttpClient.sendEvent(535) - responseCode = 200
2021-10-23 16:45:29 INFO  ApacheHttpClient.sendEvent(535) - responseCode = 200
2021-10-23 16:46:29 INFO  ApacheHttpClient.sendEvent(535) - responseCode = 200
2021-10-23 16:47:29 INFO  ApacheHttpClient.sendEvent(535) - responseCode = 200
2021-10-23 16:48:29 INFO  ApacheHttpClient.sendEvent(535) - responseCode = 200
2021-10-23 16:49:29 INFO  ApacheHttpClient.sendEvent(535) - responseCode = 200
2021-10-23 16:50:29 INFO  ApacheHttpClient.sendEvent(535) - responseCode = 200
2021-10-23 16:55:50 ERROR ApacheHttpClient.processExceptionSendEvent(110) - (super) : Error while sending the event to the server.
java.util.concurrent.ExecutionException: java.io.IOException: Удаленный хост принудительно разорвал существующее подключение
	at org.apache.http.concurrent.BasicFuture.getResult(BasicFuture.java:70)
	at org.apache.http.concurrent.BasicFuture.get(BasicFuture.java:80)
	at com.homework.plugin.client.ApacheHttpClient.getResponseCode(ApacheHttpClient.java:577)
	at com.homework.plugin.client.ApacheHttpClient.sendEvent(ApacheHttpClient.java:535)
	at com.homework.plugin.service.EventsService$1.run(EventsService.java:63)
	at java.base/java.util.concurrent.Executors$RunnableAdapter.call(Executors.java:515)
	at java.base/java.util.concurrent.FutureTask.runAndReset(FutureTask.java:305)
	at java.base/java.util.concurrent.ScheduledThreadPoolExecutor$ScheduledFutureTask.run(ScheduledThreadPoolExecutor.java:305)
	at java.base/java.util.concurrent.ThreadPoolExecutor.runWorker(ThreadPoolExecutor.java:1128)
	at java.base/java.util.concurrent.ThreadPoolExecutor$Worker.run(ThreadPoolExecutor.java:628)
	at java.base/java.lang.Thread.run(Thread.java:829)
Caused by: java.io.IOException: Удаленный хост принудительно разорвал существующее подключение
	at java.base/sun.nio.ch.SocketDispatcher.read0(Native Method)
	at java.base/sun.nio.ch.SocketDispatcher.read(SocketDispatcher.java:43)
	at java.base/sun.nio.ch.IOUtil.readIntoNativeBuffer(IOUtil.java:276)
	at java.base/sun.nio.ch.IOUtil.read(IOUtil.java:245)
	at java.base/sun.nio.ch.IOUtil.read(IOUtil.java:223)
	at java.base/sun.nio.ch.SocketChannelImpl.read(SocketChannelImpl.java:356)
	at org.apache.http.nio.reactor.ssl.SSLIOSession.receiveEncryptedData(SSLIOSession.java:451)
	at org.apache.http.nio.reactor.ssl.SSLIOSession.isAppInputReady(SSLIOSession.java:505)
	at org.apache.http.impl.nio.reactor.AbstractIODispatch.inputReady(AbstractIODispatch.java:120)
	at org.apache.http.impl.nio.reactor.BaseIOReactor.readable(BaseIOReactor.java:162)
	at org.apache.http.impl.nio.reactor.AbstractIOReactor.processEvent(AbstractIOReactor.java:337)
	at org.apache.http.impl.nio.reactor.AbstractIOReactor.processEvents(AbstractIOReactor.java:315)
	at org.apache.http.impl.nio.reactor.AbstractIOReactor.execute(AbstractIOReactor.java:276)
	at org.apache.http.impl.nio.reactor.BaseIOReactor.execute(BaseIOReactor.java:104)
	at org.apache.http.impl.nio.reactor.AbstractMultiworkerIOReactor$Worker.run(AbstractMultiworkerIOReactor.java:588)
	... 1 more
2021-10-23 16:55:51 INFO  ApacheHttpClient.sendEvent(535) - responseCode = 200
2021-10-23 16:55:51 INFO  ApacheHttpClient.sendEvent(535) - responseCode = 200
2021-10-23 16:55:51 INFO  ApacheHttpClient.sendEvent(535) - responseCode = 200
2021-10-23 16:55:51 INFO  ApacheHttpClient.sendEvent(535) - responseCode = 200
2021-10-23 16:56:28 INFO  ApacheHttpClient.sendEvent(535) - responseCode = 200
2021-10-23 16:57:28 INFO  ApacheHttpClient.sendEvent(535) - responseCode = 200
2021-10-23 16:58:28 INFO  ApacheHttpClient.sendEvent(535) - responseCode = 200
2021-10-23 16:59:28 INFO  ApacheHttpClient.sendEvent(535) - responseCode = 200
2021-10-23 17:00:28 INFO  ApacheHttpClient.sendEvent(535) - responseCode = 200
2021-10-23 17:01:28 INFO  ApacheHttpClient.sendEvent(535) - responseCode = 200
2021-10-23 17:02:28 INFO  ApacheHttpClient.sendEvent(535) - responseCode = 200
2021-10-23 17:03:28 INFO  ApacheHttpClient.sendEvent(535) - responseCode = 200
2021-10-23 17:04:28 INFO  ApacheHttpClient.sendEvent(535) - responseCode = 200
2021-10-23 17:05:28 INFO  ApacheHttpClient.sendEvent(535) - responseCode = 200
2021-10-23 17:06:28 INFO  ApacheHttpClient.sendEvent(535) - responseCode = 200
